C:\Program Files (x86)\MSBuild\Microsoft.Cpp\v4.0\V140\Microsoft.CppBuild.targets(368,5): warning MSB8004: Output Directory does not end with a trailing slash.  This build instance will add the slash as it is required to allow proper evaluation of the Output Directory.
  AdvancedScript.cpp
  AssemblyInfo.cpp
  HelperFunctions.cpp
C:\Program Files (x86)\Windows Kits\8.1\Include\um\dbghelp.h(1544): warning C4091: 'typedef ': ignored on left of '' when no variable is declared
C:\Program Files (x86)\Windows Kits\8.1\Include\um\dbghelp.h(3190): warning C4091: 'typedef ': ignored on left of '' when no variable is declared
HelperFunctions.cpp(43): warning C4018: '<=': signed/unsigned mismatch
HelperFunctions.cpp(153): warning C4018: '<': signed/unsigned mismatch
HelperFunctions.cpp(212): warning C4018: '<': signed/unsigned mismatch
HelperFunctions.cpp(295): warning C4244: 'return': conversion from 'double' to 'int', possible loss of data
HelperFunctions.cpp(308): warning C4018: '<': signed/unsigned mismatch
HelperFunctions.cpp(344): warning C4018: '<': signed/unsigned mismatch
HelperFunctions.cpp(359): warning C4018: '<': signed/unsigned mismatch
  LogTemplate.cpp
C:\Program Files (x86)\Windows Kits\8.1\Include\um\dbghelp.h(1544): warning C4091: 'typedef ': ignored on left of '' when no variable is declared
C:\Program Files (x86)\Windows Kits\8.1\Include\um\dbghelp.h(3190): warning C4091: 'typedef ': ignored on left of '' when no variable is declared
  LogWindow.cpp
  MainForm.cpp
  PluginBasic.cpp
C:\Program Files (x86)\Windows Kits\8.1\Include\um\dbghelp.h(1544): warning C4091: 'typedef ': ignored on left of '' when no variable is declared
C:\Program Files (x86)\Windows Kits\8.1\Include\um\dbghelp.h(3190): warning C4091: 'typedef ': ignored on left of '' when no variable is declared
PluginBasic.cpp(99): warning C4996: 'strcpy': This function or variable may be unsafe. Consider using strcpy_s instead. To disable deprecation, use _CRT_SECURE_NO_WARNINGS. See online help for details.
  C:\Program Files (x86)\Windows Kits\10\Include\10.0.10240.0\ucrt\string.h(119): note: see declaration of 'strcpy'
  Parser.cpp
C:\Program Files (x86)\Windows Kits\8.1\Include\um\dbghelp.h(1544): warning C4091: 'typedef ': ignored on left of '' when no variable is declared
C:\Program Files (x86)\Windows Kits\8.1\Include\um\dbghelp.h(3190): warning C4091: 'typedef ': ignored on left of '' when no variable is declared
d:\code\advancedscript\advancedscript\ScriptFun.h(62): warning C4091: 'static ': ignored on left of 'VarPara_temp' when no variable is declared
d:\code\advancedscript\advancedscript\ScriptFun.h(99): warning C4091: 'static ': ignored on left of 'VarPara' when no variable is declared
d:\code\advancedscript\advancedscript\ScriptFun.h(105): warning C4091: 'static ': ignored on left of 'ScriptFunList' when no variable is declared
Parser.cpp(35): warning C4018: '<': signed/unsigned mismatch
Parser.cpp(53): warning C4018: '<': signed/unsigned mismatch
Parser.cpp(88): warning C4018: '<': signed/unsigned mismatch
Parser.cpp(284): warning C4101: 'intValue': unreferenced local variable
Parser.cpp(368): warning C4018: '<': signed/unsigned mismatch
Parser.cpp(373): warning C4018: '<': signed/unsigned mismatch
Parser.cpp(391): warning C4018: '<': signed/unsigned mismatch
Parser.cpp(406): warning C4018: '<': signed/unsigned mismatch
Parser.cpp(411): warning C4018: '<': signed/unsigned mismatch
Parser.cpp(432): warning C4101: 'TemplateClassFound': unreferenced local variable
Parser.cpp(568): warning C4101: 'commaCount': unreferenced local variable
Parser.cpp(681): warning C4101: 'inValue': unreferenced local variable
Parser.cpp(793): warning C4018: '<': signed/unsigned mismatch
Parser.cpp(803): warning C4018: '<': signed/unsigned mismatch
Parser.cpp(832): warning C4018: '>=': signed/unsigned mismatch
Parser.cpp(849): warning C4018: '>=': signed/unsigned mismatch
Parser.cpp(870): warning C4018: '>=': signed/unsigned mismatch
Parser.cpp(903): warning C4018: '<': signed/unsigned mismatch
Parser.cpp(923): warning C4018: '<': signed/unsigned mismatch
  Register_UnRegister_Commands.cpp
C:\Program Files (x86)\Windows Kits\8.1\Include\um\dbghelp.h(1544): warning C4091: 'typedef ': ignored on left of '' when no variable is declared
C:\Program Files (x86)\Windows Kits\8.1\Include\um\dbghelp.h(3190): warning C4091: 'typedef ': ignored on left of '' when no variable is declared
d:\code\advancedscript\advancedscript\ScriptFun.h(62): warning C4091: 'static ': ignored on left of 'VarPara_temp' when no variable is declared
d:\code\advancedscript\advancedscript\ScriptFun.h(99): warning C4091: 'static ': ignored on left of 'VarPara' when no variable is declared
d:\code\advancedscript\advancedscript\ScriptFun.h(105): warning C4091: 'static ': ignored on left of 'ScriptFunList' when no variable is declared
Register_UnRegister_Commands.cpp(36): warning C4091: 'static ': ignored on left of 'ManagedGlobals' when no variable is declared
Register_UnRegister_Commands.cpp(61): warning C4018: '<': signed/unsigned mismatch
Register_UnRegister_Commands.cpp(79): warning C4129: 'A': unrecognized character escape sequence
Register_UnRegister_Commands.cpp(79): warning C4129: ' ': unrecognized character escape sequence
Register_UnRegister_Commands.cpp(83): warning C4129: 'A': unrecognized character escape sequence
Register_UnRegister_Commands.cpp(83): warning C4129: ' ': unrecognized character escape sequence
Register_UnRegister_Commands.cpp(86): warning C4129: 'A': unrecognized character escape sequence
Register_UnRegister_Commands.cpp(86): warning C4129: ' ': unrecognized character escape sequence
Register_UnRegister_Commands.cpp(89): warning C4129: 'A': unrecognized character escape sequence
Register_UnRegister_Commands.cpp(89): warning C4129: ' ': unrecognized character escape sequence
Register_UnRegister_Commands.cpp(92): warning C4129: 'A': unrecognized character escape sequence
Register_UnRegister_Commands.cpp(92): warning C4129: ' ': unrecognized character escape sequence
Register_UnRegister_Commands.cpp(95): warning C4129: 'A': unrecognized character escape sequence
Register_UnRegister_Commands.cpp(95): warning C4129: ' ': unrecognized character escape sequence
Register_UnRegister_Commands.cpp(98): warning C4129: 'A': unrecognized character escape sequence
Register_UnRegister_Commands.cpp(98): warning C4129: ' ': unrecognized character escape sequence
Register_UnRegister_Commands.cpp(102): warning C4129: 'A': unrecognized character escape sequence
Register_UnRegister_Commands.cpp(102): warning C4129: ' ': unrecognized character escape sequence
Register_UnRegister_Commands.cpp(105): warning C4129: 'A': unrecognized character escape sequence
Register_UnRegister_Commands.cpp(105): warning C4129: ' ': unrecognized character escape sequence
Register_UnRegister_Commands.cpp(107): warning C4129: 'A': unrecognized character escape sequence
Register_UnRegister_Commands.cpp(107): warning C4129: ' ': unrecognized character escape sequence
Register_UnRegister_Commands.cpp(111): warning C4129: 'A': unrecognized character escape sequence
Register_UnRegister_Commands.cpp(111): warning C4129: ' ': unrecognized character escape sequence
Register_UnRegister_Commands.cpp(115): warning C4129: 'A': unrecognized character escape sequence
Register_UnRegister_Commands.cpp(115): warning C4129: ' ': unrecognized character escape sequence
Register_UnRegister_Commands.cpp(117): warning C4129: 'A': unrecognized character escape sequence
Register_UnRegister_Commands.cpp(117): warning C4129: ' ': unrecognized character escape sequence
Register_UnRegister_Commands.cpp(119): warning C4129: 'A': unrecognized character escape sequence
Register_UnRegister_Commands.cpp(119): warning C4129: ' ': unrecognized character escape sequence
Register_UnRegister_Commands.cpp(121): warning C4129: 'A': unrecognized character escape sequence
Register_UnRegister_Commands.cpp(121): warning C4129: ' ': unrecognized character escape sequence
Register_UnRegister_Commands.cpp(123): warning C4129: 'A': unrecognized character escape sequence
Register_UnRegister_Commands.cpp(123): warning C4129: ' ': unrecognized character escape sequence
Register_UnRegister_Commands.cpp(125): warning C4129: 'A': unrecognized character escape sequence
Register_UnRegister_Commands.cpp(125): warning C4129: ' ': unrecognized character escape sequence
Register_UnRegister_Commands.cpp(127): warning C4129: 'A': unrecognized character escape sequence
Register_UnRegister_Commands.cpp(127): warning C4129: ' ': unrecognized character escape sequence
Register_UnRegister_Commands.cpp(129): warning C4129: 'A': unrecognized character escape sequence
Register_UnRegister_Commands.cpp(129): warning C4129: ' ': unrecognized character escape sequence
Register_UnRegister_Commands.cpp(131): warning C4129: 'A': unrecognized character escape sequence
Register_UnRegister_Commands.cpp(131): warning C4129: ' ': unrecognized character escape sequence
Register_UnRegister_Commands.cpp(133): warning C4129: 'A': unrecognized character escape sequence
Register_UnRegister_Commands.cpp(133): warning C4129: ' ': unrecognized character escape sequence
Register_UnRegister_Commands.cpp(135): warning C4129: 'A': unrecognized character escape sequence
Register_UnRegister_Commands.cpp(135): warning C4129: ' ': unrecognized character escape sequence
Register_UnRegister_Commands.cpp(138): warning C4129: 'A': unrecognized character escape sequence
Register_UnRegister_Commands.cpp(138): warning C4129: ' ': unrecognized character escape sequence
Register_UnRegister_Commands.cpp(140): warning C4129: 'A': unrecognized character escape sequence
Register_UnRegister_Commands.cpp(140): warning C4129: ' ': unrecognized character escape sequence
Register_UnRegister_Commands.cpp(142): warning C4129: 'A': unrecognized character escape sequence
Register_UnRegister_Commands.cpp(142): warning C4129: ' ': unrecognized character escape sequence
Register_UnRegister_Commands.cpp(145): warning C4129: 'A': unrecognized character escape sequence
Register_UnRegister_Commands.cpp(145): warning C4129: ' ': unrecognized character escape sequence
Register_UnRegister_Commands.cpp(147): warning C4129: 'A': unrecognized character escape sequence
Register_UnRegister_Commands.cpp(147): warning C4129: ' ': unrecognized character escape sequence
Register_UnRegister_Commands.cpp(466): warning C4101: 'OldValue_': unreferenced local variable
Register_UnRegister_Commands.cpp(503): warning C4101: 'OldValue_': unreferenced local variable
  ScriptFun.cpp
C:\Program Files (x86)\Windows Kits\8.1\Include\um\dbghelp.h(1544): warning C4091: 'typedef ': ignored on left of '' when no variable is declared
C:\Program Files (x86)\Windows Kits\8.1\Include\um\dbghelp.h(3190): warning C4091: 'typedef ': ignored on left of '' when no variable is declared
d:\code\advancedscript\advancedscript\ScriptFun.h(62): warning C4091: 'static ': ignored on left of 'VarPara_temp' when no variable is declared
d:\code\advancedscript\advancedscript\ScriptFun.h(99): warning C4091: 'static ': ignored on left of 'VarPara' when no variable is declared
d:\code\advancedscript\advancedscript\ScriptFun.h(105): warning C4091: 'static ': ignored on left of 'ScriptFunList' when no variable is declared
ScriptFun.cpp(131): warning C4101: 'OldValue_': unreferenced local variable
ScriptFun.cpp(165): warning C4101: 'OldValue_': unreferenced local variable
ScriptFun.cpp(445): warning C4101: 'OldValue_': unreferenced local variable
ScriptFun.cpp(481): warning C4101: 'OldValue_': unreferenced local variable
ScriptFun.cpp(485): warning C4101: 'OldValue_': unreferenced local variable
ScriptFun.cpp(520): warning C4018: '<': signed/unsigned mismatch
  Generating Code...
d:\code\advancedscript\advancedscript\scriptfun.cpp(206): warning C4715: 'SetVarx_': not all control paths return a value
d:\code\advancedscript\advancedscript\parser.cpp(356): warning C4715: 'tokens': not all control paths return a value
d:\code\advancedscript\advancedscript\helperfunctions.cpp(281): warning C4715: 'Str2bool': not all control paths return a value
d:\code\advancedscript\advancedscript\helperfunctions.cpp(379): warning C4715: 'GetVarType': not all control paths return a value
d:\code\advancedscript\advancedscript\helperfunctions.cpp(104): warning C4700: uninitialized local variable 'segment' used
  .NETFramework,Version=v4.5.2.AssemblyAttributes.cpp
  AdvancedScript.obj : /DEBUG:FASTLINK is not supported when managed code is present; restarting link with /DEBUG:FULL
     Creating library ..\..\x32\plugins\AdvancedScript.lib and object ..\..\x32\plugins\AdvancedScript.exp
  AdvancedScript.vcxproj -> D:\Code\AdvancedScript\AdvancedScript\..\..\x32\plugins\AdvancedScript.dll
  AdvancedScript.vcxproj -> ..\..\x32\plugins\AdvancedScript.pdb (Partial PDB)
