d:\code\advancedscript\advancedscript\debug\advancedscript.logtemplate.resources
d:\code\advancedscript\advancedscript\debug\advancedscript.logwindow.resources
d:\code\x32\plugins\advancedscript.lib
d:\code\x32\plugins\advancedscript.exp
d:\code\advancedscript\advancedscript\debug\vc140.pdb
d:\code\advancedscript\advancedscript\debug\scriptfun.obj
d:\code\advancedscript\advancedscript\debug\register_unregister_commands.obj
d:\code\advancedscript\advancedscript\debug\parser.obj
d:\code\advancedscript\advancedscript\debug\pluginbasic.obj
d:\code\advancedscript\advancedscript\debug\mainform.obj
d:\code\advancedscript\advancedscript\debug\logwindow.obj
d:\code\advancedscript\advancedscript\debug\logtemplate.obj
d:\code\advancedscript\advancedscript\debug\helperfunctions.obj
d:\code\advancedscript\advancedscript\debug\assemblyinfo.obj
d:\code\advancedscript\advancedscript\debug\advancedscript.obj
d:\code\advancedscript\advancedscript\debug\.netframework,version=v4.5.2.assemblyattributes.obj
d:\code\advancedscript\advancedscript\debug\.netframework,version=v4.5.2.assemblyattributes.asm
d:\code\x32\plugins\advancedscript.dll
d:\code\x32\plugins\advancedscript.pdb
d:\code\advancedscript\advancedscript\debug\app.res
d:\code\advancedscript\advancedscript\debug\advancedscript.vcxproj.generateresource.cache
d:\code\advancedscript\advancedscript\..\..\x32\plugins\advancedscript.dll
d:\code\advancedscript\advancedscript\debug\advancedscript.tlog\advancedscript.write.1u.tlog
d:\code\advancedscript\advancedscript\debug\advancedscript.tlog\cl.command.1.tlog
d:\code\advancedscript\advancedscript\debug\advancedscript.tlog\cl.read.1.tlog
d:\code\advancedscript\advancedscript\debug\advancedscript.tlog\cl.write.1.tlog
d:\code\advancedscript\advancedscript\debug\advancedscript.tlog\link.command.1.tlog
d:\code\advancedscript\advancedscript\debug\advancedscript.tlog\link.read.1.tlog
d:\code\advancedscript\advancedscript\debug\advancedscript.tlog\link.write.1.tlog
d:\code\advancedscript\advancedscript\debug\advancedscript.tlog\metagen.read.1.tlog
d:\code\advancedscript\advancedscript\debug\advancedscript.tlog\metagen.write.1.tlog
d:\code\advancedscript\advancedscript\debug\advancedscript.tlog\rc.command.1.tlog
d:\code\advancedscript\advancedscript\debug\advancedscript.tlog\rc.read.1.tlog
d:\code\advancedscript\advancedscript\debug\advancedscript.tlog\rc.write.1.tlog
d:\code\advancedscript\advancedscript\debug\advancedscript.tlog\rsaenh.dll.bi
d:\code\advancedscript\advancedscript\debug\advancedscript.tlog\tzres.dll.bi
